2026-05-11T20:50:01.088900+00:00 vps-1e58449b CRON[2919425]: (ubuntu) CMD (cd $SERAGONE && python3 demo/prudence/prudence_demo_runner.py >> logs/prudence_demo_runner.log 2>&1)
2026-05-11T20:50:01.091337+00:00 vps-1e58449b CRON[2919428]: (ubuntu) CMD (cd $SERAGONE && python3 demo/broker/demobroker_runner.py >> logs/demobroker_runner.log 2>&1)
2026-05-11T20:50:01.100873+00:00 vps-1e58449b CRON[2919437]: (ubuntu) CMD (cd $SERAGONE && python3 demo/generator/decision_to_order.py >> logs/decision_to_order.log 2>&1)
2026-05-11T20:51:01.954176+00:00 vps-1e58449b CRON[2919677]: (ubuntu) CMD (cd /home/ubuntu/seragone && python3 demo/generator/decision_to_order.py >> logs/decision_to_order.log 2>&1)
2026-05-11T20:51:01.959688+00:00 vps-1e58449b CRON[2919683]: (ubuntu) CMD (cd /home/ubuntu/seragone && python3 demo/broker/demobroker_runner.py >> logs/demobroker_runner.log 2>&1)
2026-05-11T20:51:01.967523+00:00 vps-1e58449b CRON[2919688]: (ubuntu) CMD (cd /home/ubuntu/seragone && python3 demo/prudence/prudence_demo_runner.py >> logs/prudence_demo_runner.log 2>&1)
2026-05-11T20:52:01.666371+00:00 vps-1e58449b CRON[2919812]: (ubuntu) CMD (cd /home/ubuntu/seragone && python3 demo/broker/demobroker_runner.py >> logs/demobroker_runner.log 2>&1)
2026-05-11T20:52:01.669000+00:00 vps-1e58449b CRON[2919817]: (ubuntu) CMD (cd /home/ubuntu/seragone && python3 demo/generator/decision_to_order.py >> logs/decision_to_order.log 2>&1)
2026-05-11T20:52:01.675343+00:00 vps-1e58449b CRON[2919819]: (ubuntu) CMD (cd /home/ubuntu/seragone && python3 demo/prudence/prudence_demo_runner.py >> logs/prudence_demo_runner.log 2>&1)
2026-05-11T20:53:01.910612+00:00 vps-1e58449b CRON[2921987]: (ubuntu) CMD (cd /home/ubuntu/seragone && python3 demo/prudence/prudence_demo_runner.py >> logs/prudence_demo_runner.log 2>&1)
2026-05-11T20:53:01.922055+00:00 vps-1e58449b CRON[2921988]: (ubuntu) CMD (cd /home/ubuntu/seragone && python3 demo/broker/demobroker_runner.py >> logs/demobroker_runner.log 2>&1)
2026-05-11T20:53:01.958057+00:00 vps-1e58449b CRON[2922001]: (ubuntu) CMD (cd /home/ubuntu/seragone && python3 demo/generator/decision_to_order.py >> logs/decision_to_order.log 2>&1)
2026-05-11T20:54:01.827090+00:00 vps-1e58449b CRON[2922154]: (ubuntu) CMD (cd /home/ubuntu/seragone && python3 demo/prudence/prudence_demo_runner.py >> logs/prudence_demo_runner.log 2>&1)
2026-05-11T20:54:01.831350+00:00 vps-1e58449b CRON[2922161]: (ubuntu) CMD (cd /home/ubuntu/seragone && python3 demo/generator/decision_to_order.py >> logs/decision_to_order.log 2>&1)
2026-05-11T20:54:01.834075+00:00 vps-1e58449b CRON[2922163]: (ubuntu) CMD (cd /home/ubuntu/seragone && python3 demo/broker/demobroker_runner.py >> logs/demobroker_runner.log 2>&1)
2026-05-11T20:55:01.611350+00:00 vps-1e58449b CRON[2922306]: (ubuntu) CMD (cd /home/ubuntu/seragone && python3 demo/prudence/prudence_demo_runner.py >> logs/prudence_demo_runner.log 2>&1)
2026-05-11T20:55:01.620638+00:00 vps-1e58449b CRON[2922311]: (ubuntu) CMD (cd /home/ubuntu/seragone && python3 demo/generator/decision_to_order.py >> logs/decision_to_order.log 2>&1)
2026-05-11T20:55:01.645696+00:00 vps-1e58449b CRON[2922318]: (ubuntu) CMD (cd /home/ubuntu/seragone && python3 demo/broker/demobroker_runner.py >> logs/demobroker_runner.log 2>&1)
2026-05-11T20:56:01.193633+00:00 vps-1e58449b CRON[2922825]: (ubuntu) CMD (cd /home/ubuntu/seragone && python3 demo/prudence/prudence_demo_runner.py >> logs/prudence_demo_runner.log 2>&1)
2026-05-11T20:56:01.209018+00:00 vps-1e58449b CRON[2922836]: (ubuntu) CMD (cd /home/ubuntu/seragone && python3 demo/generator/decision_to_order.py >> logs/decision_to_order.log 2>&1)
2026-05-11T20:56:01.237329+00:00 vps-1e58449b CRON[2922856]: (ubuntu) CMD (cd /home/ubuntu/seragone && python3 demo/broker/demobroker_runner.py >> logs/demobroker_runner.log 2>&1)
2026-05-11T20:57:01.216813+00:00 vps-1e58449b CRON[2924675]: (ubuntu) CMD (cd /home/ubuntu/seragone && python3 demo/generator/decision_to_order.py >> logs/decision_to_order.log 2>&1)
2026-05-11T20:57:01.234058+00:00 vps-1e58449b CRON[2924681]: (ubuntu) CMD (cd /home/ubuntu/seragone && python3 demo/prudence/prudence_demo_runner.py >> logs/prudence_demo_runner.log 2>&1)
2026-05-11T20:57:01.264376+00:00 vps-1e58449b CRON[2924685]: (ubuntu) CMD (cd /home/ubuntu/seragone && python3 demo/broker/demobroker_runner.py >> logs/demobroker_runner.log 2>&1)
2026-05-11T20:58:01.650396+00:00 vps-1e58449b CRON[2924845]: (ubuntu) CMD (cd /home/ubuntu/seragone && python3 demo/generator/decision_to_order.py >> logs/decision_to_order.log 2>&1)
2026-05-11T20:58:01.662497+00:00 vps-1e58449b CRON[2924851]: (ubuntu) CMD (cd /home/ubuntu/seragone && python3 demo/broker/demobroker_runner.py >> logs/demobroker_runner.log 2>&1)
2026-05-11T20:58:01.667701+00:00 vps-1e58449b CRON[2924859]: (ubuntu) CMD (cd /home/ubuntu/seragone && python3 demo/prudence/prudence_demo_runner.py >> logs/prudence_demo_runner.log 2>&1)
2026-05-11T20:59:01.108137+00:00 vps-1e58449b CRON[2925011]: (ubuntu) CMD (cd /home/ubuntu/seragone && python3 demo/prudence/prudence_demo_runner.py >> logs/prudence_demo_runner.log 2>&1)
2026-05-11T20:59:01.109109+00:00 vps-1e58449b CRON[2925012]: (ubuntu) CMD (cd /home/ubuntu/seragone && python3 demo/generator/decision_to_order.py >> logs/decision_to_order.log 2>&1)
2026-05-11T20:59:01.115592+00:00 vps-1e58449b CRON[2925013]: (ubuntu) CMD (cd /home/ubuntu/seragone && python3 demo/broker/demobroker_runner.py >> logs/demobroker_runner.log 2>&1)
