2026-05-11T20:48:01.279848+00:00 vps-1e58449b CRON[2919041]: (ubuntu) CMD (cd $SERAGONE && python3 demo/prudence/prudence_demo_runner.py >> logs/prudence_demo_runner.log 2>&1)
2026-05-11T20:48:01.288958+00:00 vps-1e58449b CRON[2919043]: (ubuntu) CMD (cd $SERAGONE && python3 demo/broker/demobroker_runner.py >> logs/demobroker_runner.log 2>&1)
2026-05-11T20:49:01.693604+00:00 vps-1e58449b CRON[2919172]: (ubuntu) CMD (cd $SERAGONE && python3 demo/generator/decision_to_order.py >> logs/decision_to_order.log 2>&1)
2026-05-11T20:49:01.708130+00:00 vps-1e58449b CRON[2919182]: (ubuntu) CMD (cd $SERAGONE && python3 demo/prudence/prudence_demo_runner.py >> logs/prudence_demo_runner.log 2>&1)
2026-05-11T20:49:01.715253+00:00 vps-1e58449b CRON[2919185]: (ubuntu) CMD (cd $SERAGONE && python3 demo/broker/demobroker_runner.py >> logs/demobroker_runner.log 2>&1)
2026-05-11T20:50:01.088900+00:00 vps-1e58449b CRON[2919425]: (ubuntu) CMD (cd $SERAGONE && python3 demo/prudence/prudence_demo_runner.py >> logs/prudence_demo_runner.log 2>&1)
2026-05-11T20:50:01.091337+00:00 vps-1e58449b CRON[2919428]: (ubuntu) CMD (cd $SERAGONE && python3 demo/broker/demobroker_runner.py >> logs/demobroker_runner.log 2>&1)
2026-05-11T20:50:01.100873+00:00 vps-1e58449b CRON[2919437]: (ubuntu) CMD (cd $SERAGONE && python3 demo/generator/decision_to_order.py >> logs/decision_to_order.log 2>&1)
2026-05-11T20:51:01.954176+00:00 vps-1e58449b CRON[2919677]: (ubuntu) CMD (cd /home/ubuntu/seragone && python3 demo/generator/decision_to_order.py >> logs/decision_to_order.log 2>&1)
2026-05-11T20:51:01.959688+00:00 vps-1e58449b CRON[2919683]: (ubuntu) CMD (cd /home/ubuntu/seragone && python3 demo/broker/demobroker_runner.py >> logs/demobroker_runner.log 2>&1)
2026-05-11T20:51:01.967523+00:00 vps-1e58449b CRON[2919688]: (ubuntu) CMD (cd /home/ubuntu/seragone && python3 demo/prudence/prudence_demo_runner.py >> logs/prudence_demo_runner.log 2>&1)
2026-05-11T20:52:01.666371+00:00 vps-1e58449b CRON[2919812]: (ubuntu) CMD (cd /home/ubuntu/seragone && python3 demo/broker/demobroker_runner.py >> logs/demobroker_runner.log 2>&1)
2026-05-11T20:52:01.669000+00:00 vps-1e58449b CRON[2919817]: (ubuntu) CMD (cd /home/ubuntu/seragone && python3 demo/generator/decision_to_order.py >> logs/decision_to_order.log 2>&1)
2026-05-11T20:52:01.675343+00:00 vps-1e58449b CRON[2919819]: (ubuntu) CMD (cd /home/ubuntu/seragone && python3 demo/prudence/prudence_demo_runner.py >> logs/prudence_demo_runner.log 2>&1)
2026-05-11T20:53:01.910612+00:00 vps-1e58449b CRON[2921987]: (ubuntu) CMD (cd /home/ubuntu/seragone && python3 demo/prudence/prudence_demo_runner.py >> logs/prudence_demo_runner.log 2>&1)
2026-05-11T20:53:01.922055+00:00 vps-1e58449b CRON[2921988]: (ubuntu) CMD (cd /home/ubuntu/seragone && python3 demo/broker/demobroker_runner.py >> logs/demobroker_runner.log 2>&1)
2026-05-11T20:53:01.958057+00:00 vps-1e58449b CRON[2922001]: (ubuntu) CMD (cd /home/ubuntu/seragone && python3 demo/generator/decision_to_order.py >> logs/decision_to_order.log 2>&1)
2026-05-11T20:54:01.827090+00:00 vps-1e58449b CRON[2922154]: (ubuntu) CMD (cd /home/ubuntu/seragone && python3 demo/prudence/prudence_demo_runner.py >> logs/prudence_demo_runner.log 2>&1)
2026-05-11T20:54:01.831350+00:00 vps-1e58449b CRON[2922161]: (ubuntu) CMD (cd /home/ubuntu/seragone && python3 demo/generator/decision_to_order.py >> logs/decision_to_order.log 2>&1)
2026-05-11T20:54:01.834075+00:00 vps-1e58449b CRON[2922163]: (ubuntu) CMD (cd /home/ubuntu/seragone && python3 demo/broker/demobroker_runner.py >> logs/demobroker_runner.log 2>&1)
