    V: [0.000 — 0.724] moy=0.212 std=0.126
    S: [0.194 — 0.891] moy=0.363 std=0.093
    H: [0.007 — 1.000] moy=0.858 std=0.275
    G: [0.001 — 0.847] moy=0.242 std=0.134
    Signal FERMER: 5/15 (33%)

  COUCHE 7
  ——————————————————————————————————————————————————
    RETRECIR: 211
    FERMER: 23
    ATTENDRE: 1227
    M: [0.038 — 1.000] moy=0.411 std=0.205
    V: [0.000 — 0.678] moy=0.207 std=0.145
    S: [0.194 — 0.921] moy=0.370 std=0.094
    H: [0.022 — 1.000] moy=0.796 std=0.300
    G: [0.000 — 0.841] moy=0.176 std=0.161
    Signal FERMER: 7/21 (33%)

  COUCHE 8
  ——————————————————————————————————————————————————
    MAINTENIR: 1
    RETRECIR: 191
    FERMER: 17
    ATTENDRE: 1252
    M: [0.045 — 0.978] moy=0.524 std=0.214
    V: [0.000 — 0.735] moy=0.225 std=0.139
    S: [0.195 — 0.928] moy=0.372 std=0.094
    H: [0.019 — 1.000] moy=0.824 std=0.304
    G: [0.000 — 0.793] moy=0.226 std=0.156
    Signal FERMER: 8/17 (47%)
